c:\users\stevu\documents\school\jaar 2020-2021\gameplay_programming\gpp_framework\source\tempfiles\debug\gpp_framework.pch
c:\users\stevu\documents\school\jaar 2020-2021\gameplay_programming\gpp_framework\source\tempfiles\debug\vc142.pdb
c:\users\stevu\documents\school\jaar 2020-2021\gameplay_programming\gpp_framework\source\tempfiles\debug\vc142.idb
c:\users\stevu\documents\school\jaar 2020-2021\gameplay_programming\gpp_framework\source\tempfiles\debug\stdafx.obj
c:\users\stevu\documents\school\jaar 2020-2021\gameplay_programming\gpp_framework\source\tempfiles\debug\gl3w.obj
c:\users\stevu\documents\school\jaar 2020-2021\gameplay_programming\gpp_framework\source\tempfiles\debug\sdlwindow.obj
c:\users\stevu\documents\school\jaar 2020-2021\gameplay_programming\gpp_framework\source\tempfiles\debug\eimmediateui.obj
c:\users\stevu\documents\school\jaar 2020-2021\gameplay_programming\gpp_framework\source\tempfiles\debug\etimer_sdl.obj
c:\users\stevu\documents\school\jaar 2020-2021\gameplay_programming\gpp_framework\source\tempfiles\debug\sdlframe.obj
c:\users\stevu\documents\school\jaar 2020-2021\gameplay_programming\gpp_framework\source\tempfiles\debug\sdldebugrenderer2d.obj
c:\users\stevu\documents\school\jaar 2020-2021\gameplay_programming\gpp_framework\source\tempfiles\debug\ecamera2d.obj
c:\users\stevu\documents\school\jaar 2020-2021\gameplay_programming\gpp_framework\source\tempfiles\debug\ephysicsworldbox2d.obj
c:\users\stevu\documents\school\jaar 2020-2021\gameplay_programming\gpp_framework\source\tempfiles\debug\erigidbodybox2d.obj
c:\users\stevu\documents\school\jaar 2020-2021\gameplay_programming\gpp_framework\source\tempfiles\debug\ematrix2x3.obj
c:\users\stevu\documents\school\jaar 2020-2021\gameplay_programming\gpp_framework\source\tempfiles\debug\einputmanager.obj
c:\users\stevu\documents\school\jaar 2020-2021\gameplay_programming\gpp_framework\source\tempfiles\debug\egeometry2dtypes.obj
c:\users\stevu\documents\school\jaar 2020-2021\gameplay_programming\gpp_framework\source\tempfiles\debug\enavgraph.obj
c:\users\stevu\documents\school\jaar 2020-2021\gameplay_programming\gpp_framework\source\tempfiles\debug\egraphrenderer.obj
c:\users\stevu\documents\school\jaar 2020-2021\gameplay_programming\gpp_framework\source\tempfiles\debug\egrapheditor.obj
c:\users\stevu\documents\school\jaar 2020-2021\gameplay_programming\gpp_framework\source\tempfiles\debug\einfluencemap.obj
c:\users\stevu\documents\school\jaar 2020-2021\gameplay_programming\gpp_framework\source\tempfiles\debug\egraphnodetypes.obj
c:\users\stevu\documents\school\jaar 2020-2021\gameplay_programming\gpp_framework\source\tempfiles\debug\egraphconnectiontypes.obj
c:\users\stevu\documents\school\jaar 2020-2021\gameplay_programming\gpp_framework\source\tempfiles\debug\efinitestatemachine.obj
c:\users\stevu\documents\school\jaar 2020-2021\gameplay_programming\gpp_framework\source\tempfiles\debug\ebehaviortree.obj
c:\users\stevu\documents\school\jaar 2020-2021\gameplay_programming\gpp_framework\source\tempfiles\debug\steeringbehaviors.obj
c:\users\stevu\documents\school\jaar 2020-2021\gameplay_programming\gpp_framework\source\tempfiles\debug\steeringagent.obj
c:\users\stevu\documents\school\jaar 2020-2021\gameplay_programming\gpp_framework\source\tempfiles\debug\obstacle.obj
c:\users\stevu\documents\school\jaar 2020-2021\gameplay_programming\gpp_framework\source\tempfiles\debug\spacepartitioning.obj
c:\users\stevu\documents\school\jaar 2020-2021\gameplay_programming\gpp_framework\source\tempfiles\debug\flockingsteeringbehaviors.obj
c:\users\stevu\documents\school\jaar 2020-2021\gameplay_programming\gpp_framework\source\tempfiles\debug\flock.obj
c:\users\stevu\documents\school\jaar 2020-2021\gameplay_programming\gpp_framework\source\tempfiles\debug\combinedsteeringbehaviors.obj
c:\users\stevu\documents\school\jaar 2020-2021\gameplay_programming\gpp_framework\source\tempfiles\debug\app_flocking.obj
c:\users\stevu\documents\school\jaar 2020-2021\gameplay_programming\gpp_framework\source\tempfiles\debug\app_combinedsteering.obj
c:\users\stevu\documents\school\jaar 2020-2021\gameplay_programming\gpp_framework\source\tempfiles\debug\app_steeringbehaviors.obj
c:\users\stevu\documents\school\jaar 2020-2021\gameplay_programming\gpp_framework\source\tempfiles\debug\sandboxagent.obj
c:\users\stevu\documents\school\jaar 2020-2021\gameplay_programming\gpp_framework\source\tempfiles\debug\app_sandbox.obj
c:\users\stevu\documents\school\jaar 2020-2021\gameplay_programming\gpp_framework\source\tempfiles\debug\app_pathfindingastar.obj
c:\users\stevu\documents\school\jaar 2020-2021\gameplay_programming\gpp_framework\source\tempfiles\debug\app_navmeshgraph.obj
c:\users\stevu\documents\school\jaar 2020-2021\gameplay_programming\gpp_framework\source\tempfiles\debug\app_influencemap.obj
c:\users\stevu\documents\school\jaar 2020-2021\gameplay_programming\gpp_framework\source\tempfiles\debug\app_graphtheory.obj
c:\users\stevu\documents\school\jaar 2020-2021\gameplay_programming\gpp_framework\source\tempfiles\debug\statesandtransitions.obj
c:\users\stevu\documents\school\jaar 2020-2021\gameplay_programming\gpp_framework\source\tempfiles\debug\app_agariogame.obj
c:\users\stevu\documents\school\jaar 2020-2021\gameplay_programming\gpp_framework\source\tempfiles\debug\app_agariogame_bt.obj
c:\users\stevu\documents\school\jaar 2020-2021\gameplay_programming\gpp_framework\source\tempfiles\debug\navigationcolliderelement.obj
c:\users\stevu\documents\school\jaar 2020-2021\gameplay_programming\gpp_framework\source\tempfiles\debug\baseagent.obj
c:\users\stevu\documents\school\jaar 2020-2021\gameplay_programming\gpp_framework\source\tempfiles\debug\agariofood.obj
c:\users\stevu\documents\school\jaar 2020-2021\gameplay_programming\gpp_framework\source\tempfiles\debug\agariocontactlistener.obj
c:\users\stevu\documents\school\jaar 2020-2021\gameplay_programming\gpp_framework\source\tempfiles\debug\agarioagent.obj
c:\users\stevu\documents\school\jaar 2020-2021\gameplay_programming\gpp_framework\source\tempfiles\debug\gpp_framework.tlog\cl.command.1.tlog
c:\users\stevu\documents\school\jaar 2020-2021\gameplay_programming\gpp_framework\source\tempfiles\debug\gpp_framework.tlog\cl.read.1.tlog
c:\users\stevu\documents\school\jaar 2020-2021\gameplay_programming\gpp_framework\source\tempfiles\debug\gpp_framework.tlog\cl.write.1.tlog
