c:\users\stevu\documents\school\jaar 2020-2021\gameplay_programming\gpp_framework\source\tempfiles\release\gpp_framework.pch
c:\users\stevu\documents\school\jaar 2020-2021\gameplay_programming\gpp_framework\source\tempfiles\release\vc142.pdb
c:\users\stevu\documents\school\jaar 2020-2021\gameplay_programming\gpp_framework\source\tempfiles\release\stdafx.obj
c:\users\stevu\documents\school\jaar 2020-2021\gameplay_programming\gpp_framework\source\tempfiles\release\gl3w.obj
c:\users\stevu\documents\school\jaar 2020-2021\gameplay_programming\gpp_framework\source\tempfiles\release\sdlwindow.obj
c:\users\stevu\documents\school\jaar 2020-2021\gameplay_programming\gpp_framework\source\tempfiles\release\eimmediateui.obj
c:\users\stevu\documents\school\jaar 2020-2021\gameplay_programming\gpp_framework\source\tempfiles\release\etimer_sdl.obj
c:\users\stevu\documents\school\jaar 2020-2021\gameplay_programming\gpp_framework\source\tempfiles\release\sdlframe.obj
c:\users\stevu\documents\school\jaar 2020-2021\gameplay_programming\gpp_framework\source\tempfiles\release\sdldebugrenderer2d.obj
c:\users\stevu\documents\school\jaar 2020-2021\gameplay_programming\gpp_framework\source\tempfiles\release\ecamera2d.obj
c:\users\stevu\documents\school\jaar 2020-2021\gameplay_programming\gpp_framework\source\tempfiles\release\ephysicsworldbox2d.obj
c:\users\stevu\documents\school\jaar 2020-2021\gameplay_programming\gpp_framework\source\tempfiles\release\erigidbodybox2d.obj
c:\users\stevu\documents\school\jaar 2020-2021\gameplay_programming\gpp_framework\source\tempfiles\release\ematrix2x3.obj
c:\users\stevu\documents\school\jaar 2020-2021\gameplay_programming\gpp_framework\source\tempfiles\release\einputmanager.obj
c:\users\stevu\documents\school\jaar 2020-2021\gameplay_programming\gpp_framework\source\tempfiles\release\egeometry2dtypes.obj
c:\users\stevu\documents\school\jaar 2020-2021\gameplay_programming\gpp_framework\source\tempfiles\release\enavgraph.obj
c:\users\stevu\documents\school\jaar 2020-2021\gameplay_programming\gpp_framework\source\tempfiles\release\egraphrenderer.obj
c:\users\stevu\documents\school\jaar 2020-2021\gameplay_programming\gpp_framework\source\tempfiles\release\egrapheditor.obj
c:\users\stevu\documents\school\jaar 2020-2021\gameplay_programming\gpp_framework\source\tempfiles\release\einfluencemap.obj
c:\users\stevu\documents\school\jaar 2020-2021\gameplay_programming\gpp_framework\source\tempfiles\release\egraphnodetypes.obj
c:\users\stevu\documents\school\jaar 2020-2021\gameplay_programming\gpp_framework\source\tempfiles\release\egraphconnectiontypes.obj
c:\users\stevu\documents\school\jaar 2020-2021\gameplay_programming\gpp_framework\source\tempfiles\release\efinitestatemachine.obj
c:\users\stevu\documents\school\jaar 2020-2021\gameplay_programming\gpp_framework\source\tempfiles\release\ebehaviortree.obj
c:\users\stevu\documents\school\jaar 2020-2021\gameplay_programming\gpp_framework\source\tempfiles\release\steeringagent.obj
c:\users\stevu\documents\school\jaar 2020-2021\gameplay_programming\gpp_framework\source\tempfiles\release\obstacle.obj
c:\users\stevu\documents\school\jaar 2020-2021\gameplay_programming\gpp_framework\source\tempfiles\release\spacepartitioning.obj
c:\users\stevu\documents\school\jaar 2020-2021\gameplay_programming\gpp_framework\source\tempfiles\release\flockingsteeringbehaviors.obj
c:\users\stevu\documents\school\jaar 2020-2021\gameplay_programming\gpp_framework\source\tempfiles\release\flock.obj
c:\users\stevu\documents\school\jaar 2020-2021\gameplay_programming\gpp_framework\source\tempfiles\release\combinedsteeringbehaviors.obj
c:\users\stevu\documents\school\jaar 2020-2021\gameplay_programming\gpp_framework\source\tempfiles\release\app_flocking.obj
c:\users\stevu\documents\school\jaar 2020-2021\gameplay_programming\gpp_framework\source\tempfiles\release\app_combinedsteering.obj
c:\users\stevu\documents\school\jaar 2020-2021\gameplay_programming\gpp_framework\source\tempfiles\release\app_steeringbehaviors.obj
c:\users\stevu\documents\school\jaar 2020-2021\gameplay_programming\gpp_framework\source\tempfiles\release\sandboxagent.obj
c:\users\stevu\documents\school\jaar 2020-2021\gameplay_programming\gpp_framework\source\tempfiles\release\app_sandbox.obj
c:\users\stevu\documents\school\jaar 2020-2021\gameplay_programming\gpp_framework\source\tempfiles\release\app_pathfindingastar.obj
c:\users\stevu\documents\school\jaar 2020-2021\gameplay_programming\gpp_framework\source\tempfiles\release\app_navmeshgraph.obj
c:\users\stevu\documents\school\jaar 2020-2021\gameplay_programming\gpp_framework\source\tempfiles\release\app_influencemap.obj
c:\users\stevu\documents\school\jaar 2020-2021\gameplay_programming\gpp_framework\source\tempfiles\release\app_agariogame_imap.obj
c:\users\stevu\documents\school\jaar 2020-2021\gameplay_programming\gpp_framework\source\tempfiles\release\app_graphtheory.obj
c:\users\stevu\documents\school\jaar 2020-2021\gameplay_programming\gpp_framework\source\tempfiles\release\statesandtransitions.obj
c:\users\stevu\documents\school\jaar 2020-2021\gameplay_programming\gpp_framework\source\tempfiles\release\app_agariogame.obj
c:\users\stevu\documents\school\jaar 2020-2021\gameplay_programming\gpp_framework\source\tempfiles\release\app_agariogame_bt.obj
c:\users\stevu\documents\school\jaar 2020-2021\gameplay_programming\gpp_framework\source\tempfiles\release\main.obj
c:\users\stevu\documents\school\jaar 2020-2021\gameplay_programming\gpp_framework\source\tempfiles\release\navigationcolliderelement.obj
c:\users\stevu\documents\school\jaar 2020-2021\gameplay_programming\gpp_framework\source\tempfiles\release\baseagent.obj
c:\users\stevu\documents\school\jaar 2020-2021\gameplay_programming\gpp_framework\source\tempfiles\release\agariofood.obj
c:\users\stevu\documents\school\jaar 2020-2021\gameplay_programming\gpp_framework\source\tempfiles\release\agariocontactlistener.obj
c:\users\stevu\documents\school\jaar 2020-2021\gameplay_programming\gpp_framework\source\tempfiles\release\agarioagent.obj
c:\users\stevu\documents\school\jaar 2020-2021\gameplay_programming\gpp_framework\source\tempfiles\release\steeringbehaviors.obj
c:\users\stevu\documents\school\jaar 2020-2021\gameplay_programming\gpp_framework\bin\release\gpp_framework.ipdb
c:\users\stevu\documents\school\jaar 2020-2021\gameplay_programming\gpp_framework\bin\release\gpp_framework.iobj
c:\users\stevu\documents\school\jaar 2020-2021\gameplay_programming\gpp_framework\bin\release\gpp_framework.exe
c:\users\stevu\documents\school\jaar 2020-2021\gameplay_programming\gpp_framework\bin\release\gpp_framework.pdb
c:\users\stevu\documents\school\jaar 2020-2021\gameplay_programming\gpp_framework\source\..\bin\release\gpp_framework.pdb
c:\users\stevu\documents\school\jaar 2020-2021\gameplay_programming\gpp_framework\source\tempfiles\release\gpp_framework.tlog\cl.command.1.tlog
c:\users\stevu\documents\school\jaar 2020-2021\gameplay_programming\gpp_framework\source\tempfiles\release\gpp_framework.tlog\cl.read.1.tlog
c:\users\stevu\documents\school\jaar 2020-2021\gameplay_programming\gpp_framework\source\tempfiles\release\gpp_framework.tlog\cl.write.1.tlog
c:\users\stevu\documents\school\jaar 2020-2021\gameplay_programming\gpp_framework\source\tempfiles\release\gpp_framework.tlog\gpp_framework.write.1u.tlog
c:\users\stevu\documents\school\jaar 2020-2021\gameplay_programming\gpp_framework\source\tempfiles\release\gpp_framework.tlog\link.command.1.tlog
c:\users\stevu\documents\school\jaar 2020-2021\gameplay_programming\gpp_framework\source\tempfiles\release\gpp_framework.tlog\link.read.1.tlog
c:\users\stevu\documents\school\jaar 2020-2021\gameplay_programming\gpp_framework\source\tempfiles\release\gpp_framework.tlog\link.write.1.tlog
